<?xml version="1.0" encoding="UTF-8"?>
<testsuite xmlns:xsi="http://www.w3.org/2001/XMLSchema-instance" xsi:noNamespaceSchemaLocation="https://maven.apache.org/surefire/maven-surefire-plugin/xsd/surefire-test-report.xsd" name="com.axel.orange.NoraRobotRunner" time="76.693" tests="2" errors="0" skipped="0" failures="1">
  <properties>
[...]
</properties>
  <testcase name="Scenario that 1st sample.(LoginLogout " classname="Scenario that 1st sample.)" time="52.327"/>
  <testcase name="Scenario that 1st sample.(LoginLogout " classname="Scenario that 1st sample.)" time="21.973">
    <failure message="Fail: /!\ Unable to authenticate with provided credentials. /!\ [albanque]" type="java.lang.AssertionError">java.lang.AssertionError: Fail: /!\ Unable to authenticate with provided credentials. /!\ [albanque]
</failure>
    <system-out><![CDATA[[2019-06-21 10:07:19]: Result set to Success by default [LoginLogout]
[2019-06-21 10:07:19]: > Given I check that user 'toto' is not empty
[2019-06-21 10:07:19]: > Given I check that password 'test' is not empty
[2019-06-21 10:07:19]: > Given 'ALBANQUE_HOME' is opened
[2019-06-21 10:07:19]: > Then The ALBANQUE home page is displayed
[2019-06-21 10:07:19]: > When I log in to ALBANQUE as 'toto' 'test'
[2019-06-21 10:07:20]: > Then The ALBANQUE portal is displayed with 'toto'
[2019-06-21 10:07:41]: ***************************************************************************************
[2019-06-21 10:07:41]: *                                                                                     *
[2019-06-21 10:07:41]: *  Scenario: [@LoginLogout] step 2 of 2 with 1 error(s) and 0 alert(s). 0s remaining  *
[2019-06-21 10:07:41]: *                                                                                     *
[2019-06-21 10:07:41]: ***************************************************************************************
]]></system-out>
  </testcase>
</testsuite>